<?xml version="1.0" encoding="UTF-8"?>
<!-- Generated by org.testng.reporters.JUnitReportReporter -->
<testsuite hostname="DESKTOP-E8V1RM9" failures="0" tests="1" name="test.TestNG.TestNG_TestTitle" time="1.031" errors="0" timestamp="2021-02-20T21:47:15 ICT" skipped="0">
  <testcase classname="test.TestNG.TestNG_TestTitle" name="verifyHomePageTitle" time="1.031"/>
  <system-out/>
</testsuite> <!-- test.TestNG.TestNG_TestTitle -->
