<?xml version="1.0" encoding="UTF-8"?>
<!-- Generated by org.testng.reporters.JUnitReportReporter -->
<testsuite hostname="DESKTOP-E8V1RM9" failures="0" tests="12" name="test.TestNG.TestNG_Cart" time="23.516" errors="0" timestamp="2021-02-21T17:17:26 ICT" skipped="0">
  <testcase classname="test.TestNG.TestNG_Cart" name="launchWebsite" time="1.077"/>
  <system-out/>
  <testcase classname="test.TestNG.TestNG_Cart" name="fillToLogin" time="1.187"/>
  <system-out/>
  <testcase classname="test.TestNG.TestNG_Cart" name="doLogin" time="2.032"/>
  <system-out/>
  <testcase classname="test.TestNG.TestNG_Cart" name="clickToCollections" time="1.202"/>
  <system-out/>
  <testcase classname="test.TestNG.TestNG_Cart" name="testBuyNow" time="1.248"/>
  <system-out/>
  <testcase classname="test.TestNG.TestNG_Cart" name="clickToChange" time="5.149"/>
  <system-out/>
  <testcase classname="test.TestNG.TestNG_Cart" name="clickToCart" time="1.131"/>
  <system-out/>
  <testcase classname="test.TestNG.TestNG_Cart" name="bachtoMenu" time="1.233"/>
  <system-out/>
  <testcase classname="test.TestNG.TestNG_Cart" name="clickAgain" time="6.574"/>
  <system-out/>
  <testcase classname="test.TestNG.TestNG_Cart" name="clickBtnPay" time="0.065"/>
  <system-out/>
  <testcase classname="test.TestNG.TestNG_Cart" name="filltoBill" time="1.267"/>
  <system-out/>
  <testcase classname="test.TestNG.TestNG_Cart" name="clickbtnConfirm" time="1.351"/>
  <system-out/>
</testsuite> <!-- test.TestNG.TestNG_Cart -->
