<?xml version="1.0" encoding="UTF-8"?>
<!-- Generated by org.testng.reporters.JUnitReportReporter -->
<testsuite hostname="DESKTOP-E8V1RM9" failures="0" tests="1" name="test.TestNG.TestNG_DeleteProduct" time="1.578" errors="0" timestamp="2021-02-21T16:39:45 ICT" skipped="0">
  <testcase classname="test.TestNG.TestNG_DeleteProduct" name="testDeleteProduct" time="1.578"/>
  <system-out/>
</testsuite> <!-- test.TestNG.TestNG_DeleteProduct -->
