<?xml version="1.0" encoding="UTF-8"?>
<!-- Generated by org.testng.reporters.JUnitReportReporter -->
<testsuite hostname="DESKTOP-E8V1RM9" failures="0" tests="7" name="test.TestNG.TestNG_Quantity" time="13.524" errors="0" timestamp="2021-02-21T13:36:31 ICT" skipped="0">
  <testcase classname="test.TestNG.TestNG_Quantity" name="launchWebsite" time="1.032"/>
  <system-out/>
  <testcase classname="test.TestNG.TestNG_Quantity" name="fillToLogin" time="1.233"/>
  <system-out/>
  <testcase classname="test.TestNG.TestNG_Quantity" name="doLogin" time="1.534"/>
  <system-out/>
  <testcase classname="test.TestNG.TestNG_Quantity" name="clickToCollections" time="1.295"/>
  <system-out/>
  <testcase classname="test.TestNG.TestNG_Quantity" name="testBuyNow" time="1.333"/>
  <system-out/>
  <testcase classname="test.TestNG.TestNG_Quantity" name="clickToChange" time="5.889"/>
  <system-out/>
  <testcase classname="test.TestNG.TestNG_Quantity" name="clickToCart" time="1.208"/>
  <system-out/>
</testsuite> <!-- test.TestNG.TestNG_Quantity -->
