<?xml version="1.0" encoding="UTF-8"?>
<!-- Generated by org.testng.reporters.JUnitReportReporter -->
<testsuite hostname="DESKTOP-E8V1RM9" failures="0" tests="1" name="test.TestNG.TestNG_Title" time="1.021" errors="0" timestamp="2021-02-21T13:52:58 ICT" skipped="0">
  <testcase classname="test.TestNG.TestNG_Title" name="testTitle" time="1.021"/>
  <system-out/>
</testsuite> <!-- test.TestNG.TestNG_Title -->
